c:\users\mango.dgssm\desktop\trayicontest\trayicontest\debug\trayicontest.pch
c:\users\mango.dgssm\desktop\trayicontest\trayicontest\debug\vc120.pdb
c:\users\mango.dgssm\desktop\trayicontest\trayicontest\debug\vc120.idb
c:\users\mango.dgssm\desktop\trayicontest\trayicontest\debug\stdafx.obj
c:\users\mango.dgssm\desktop\trayicontest\trayicontest\debug\environmentstatus.obj
c:\users\mango.dgssm\desktop\trayicontest\trayicontest\debug\eventcontroller.obj
c:\users\mango.dgssm\desktop\trayicontest\trayicontest\debug\eventqueue.obj
c:\users\mango.dgssm\desktop\trayicontest\trayicontest\debug\first.obj
c:\users\mango.dgssm\desktop\trayicontest\trayicontest\debug\glovestatus.obj
c:\users\mango.dgssm\desktop\trayicontest\trayicontest\debug\gyrostatus.obj
c:\users\mango.dgssm\desktop\trayicontest\trayicontest\debug\magstatus.obj
c:\users\mango.dgssm\desktop\trayicontest\trayicontest\debug\motion.obj
c:\users\mango.dgssm\desktop\trayicontest\trayicontest\debug\motionfragment.obj
c:\users\mango.dgssm\desktop\trayicontest\trayicontest\debug\mousemotion.obj
c:\users\mango.dgssm\desktop\trayicontest\trayicontest\debug\onedimensionfragment.obj
c:\users\mango.dgssm\desktop\trayicontest\trayicontest\debug\onedimensionhistorydata.obj
c:\users\mango.dgssm\desktop\trayicontest\trayicontest\debug\presssensor.obj
c:\users\mango.dgssm\desktop\trayicontest\trayicontest\debug\second.obj
c:\users\mango.dgssm\desktop\trayicontest\trayicontest\debug\threedimensionfragment.obj
c:\users\mango.dgssm\desktop\trayicontest\trayicontest\debug\threedimensionhistorydata.obj
c:\users\mango.dgssm\desktop\trayicontest\trayicontest\debug\trayiconmng.obj
c:\users\mango.dgssm\desktop\trayicontest\trayicontest\debug\trayiconsetting.obj
c:\users\mango.dgssm\desktop\trayicontest\trayicontest\debug\trayicontest.obj
c:\users\mango.dgssm\desktop\trayicontest\trayicontest\debug\trayicontestdlg.obj
c:\users\mango.dgssm\desktop\trayicontest\trayicontest\debug\accstatus.obj
c:\users\mango.dgssm\desktop\trayicontest\trayicontest\debug\airmove.obj
c:\users\mango.dgssm\desktop\trayicontest\trayicontest\debug\bendsensor.obj
c:\users\mango.dgssm\desktop\trayicontest\trayicontest\debug\commthread.obj
c:\users\mango.dgssm\desktop\trayicontest\trayicontest\debug\connectdlg.obj
c:\users\mango.dgssm\desktop\trayicontest\trayicontest\debug\hooktest.obj
c:\users\mango.dgssm\desktop\trayicontest\trayicontest\debug\keyboardleftright.obj
c:\users\mango.dgssm\desktop\trayicontest\trayicontest\debug\makedmotionfragments.obj
c:\users\mango.dgssm\desktop\trayicontest\trayicontest\debug\motioncontroller.obj
c:\users\mango.dgssm\desktop\trayicontest\trayicontest\debug\motionmaker.obj
c:\users\mango.dgssm\desktop\trayicontest\trayicontest\debug\mouseclick.obj
c:\users\mango.dgssm\desktop\trayicontest\trayicontest\debug\mousedclick.obj
c:\users\mango.dgssm\desktop\trayicontest\trayicontest\debug\mousedrag.obj
c:\users\mango.dgssm\desktop\trayicontest\trayicontest\debug\mouserclick.obj
c:\users\mango.dgssm\desktop\trayicontest\trayicontest\debug\mousewheel.obj
c:\users\mango.dgssm\desktop\trayicontest\trayicontest\debug\keyboardaction.obj
c:\users\mango.dgssm\desktop\trayicontest\trayicontest\debug\progressdlg.obj
c:\users\mango.dgssm\desktop\trayicontest\trayicontest\debug\uithread.obj
c:\users\mango.dgssm\desktop\trayicontest\trayicontest\debug\explaindlg.obj
c:\users\mango.dgssm\desktop\trayicontest\trayicontest\debug\keyboardwintab.obj
c:\users\mango.dgssm\desktop\trayicontest\trayicontest\debug\clearwindow.obj
c:\users\mango.dgssm\desktop\trayicontest\trayicontest\debug\executeclose.obj
c:\users\mango.dgssm\desktop\trayicontest\trayicontest\debug\executeexplorer.obj
c:\users\mango.dgssm\desktop\trayicontest\trayicontest\debug\registrydlg.obj
c:\users\mango.dgssm\desktop\trayicontest\debug\trayicontest.ilk
c:\users\mango.dgssm\desktop\trayicontest\debug\trayicontest.exe
c:\users\mango.dgssm\desktop\trayicontest\debug\trayicontest.pdb
c:\users\mango.dgssm\desktop\trayicontest\trayicontest\debug\trayicontest.res
c:\users\mango.dgssm\desktop\trayicontest\trayicontest\debug\trayicontest.tlog\cl.command.1.tlog
c:\users\mango.dgssm\desktop\trayicontest\trayicontest\debug\trayicontest.tlog\cl.read.1.tlog
c:\users\mango.dgssm\desktop\trayicontest\trayicontest\debug\trayicontest.tlog\cl.write.1.tlog
c:\users\mango.dgssm\desktop\trayicontest\trayicontest\debug\trayicontest.tlog\link.command.1.tlog
c:\users\mango.dgssm\desktop\trayicontest\trayicontest\debug\trayicontest.tlog\link.read.1.tlog
c:\users\mango.dgssm\desktop\trayicontest\trayicontest\debug\trayicontest.tlog\link.write.1.tlog
c:\users\mango.dgssm\desktop\trayicontest\trayicontest\debug\trayicontest.tlog\rc.command.1.tlog
c:\users\mango.dgssm\desktop\trayicontest\trayicontest\debug\trayicontest.tlog\rc.read.1.tlog
c:\users\mango.dgssm\desktop\trayicontest\trayicontest\debug\trayicontest.tlog\rc.write.1.tlog
